<?xml version="1.0" encoding="windows-1252" standalone="no"?>
<!DOCTYPE log SYSTEM "logger.dtd">
<log>
<record>
  <date>2019-02-09T10:34:42</date>
  <millis>1549730082209</millis>
  <sequence>0</sequence>
  <logger>com.javacodegeeks.snippets.core</logger>
  <level>INFO</level>
  <class>ms3interview.PaymentManager</class>
  <method>main</method>
  <thread>1</thread>
  <message>Records retrieved: 6003</message>
</record>
<record>
  <date>2019-02-09T10:34:42</date>
  <millis>1549730082216</millis>
  <sequence>1</sequence>
  <logger>com.javacodegeeks.snippets.core</logger>
  <level>INFO</level>
  <class>ms3interview.PaymentManager</class>
  <method>main</method>
  <thread>1</thread>
  <message>Successful records: 4869</message>
</record>
<record>
  <date>2019-02-09T10:34:42</date>
  <millis>1549730082216</millis>
  <sequence>2</sequence>
  <logger>com.javacodegeeks.snippets.core</logger>
  <level>INFO</level>
  <class>ms3interview.PaymentManager</class>
  <method>main</method>
  <thread>1</thread>
  <message>Failed records: 1134</message>
</record>
</log>
